<?xml version="1.0" encoding="UTF-8"?>
<!-- Generated by org.testng.reporters.JUnitXMLReporter -->
<testsuite ignored="0" hostname="DESKTOP-SITGL47" failures="0" tests="2" name="Default test" time="26.407" errors="0" timestamp="2025-01-25T12:57:25 IST">
  <testcase classname="PankajShukla.Tests.ErrorValidation" name="ProductCatalogueErrorValidation" time="14.588"/>
  <testcase classname="PankajShukla.Tests.ErrorValidation" name="loginPageErrorValidation" time="0.786"/>
</testsuite> <!-- Default test -->
