<?xml version="1.0" encoding="UTF-8"?>
<!-- Generated by org.testng.reporters.JUnitXMLReporter -->
<testsuite ignored="0" hostname="DESKTOP-SITGL47" failures="0" tests="2" name="ErrorValidation" time="27.124" errors="0" timestamp="2025-01-25T12:58:20 IST">
  <testcase classname="PankajShukla.Tests.ErrorValidation" name="ProductCatalogueErrorValidation" time="15.216"/>
  <testcase classname="PankajShukla.Tests.ErrorValidation" name="loginPageErrorValidation" time="1.131"/>
</testsuite> <!-- ErrorValidation -->
