<?xml version="1.0" encoding="UTF-8"?>
<!-- Generated by org.testng.reporters.JUnitXMLReporter -->
<testsuite ignored="0" hostname="DESKTOP-SITGL47" failures="0" tests="3" name="SubmitOrder" time="27.538" errors="0" timestamp="2025-01-25T12:58:20 IST">
  <testcase classname="PankajShukla.Tests.SeleniumFrameworkDesign" name="submitOrder" time="5.148"/>
  <testcase classname="PankajShukla.Tests.SeleniumFrameworkDesign" name="submitOrder" time="4.719"/>
  <testcase classname="PankajShukla.Tests.SeleniumFrameworkDesign" name="orderHistoryTest" time="2.844"/>
</testsuite> <!-- SubmitOrder -->
