<?xml version="1.0" encoding="UTF-8"?>
<!-- Generated by org.testng.reporters.JUnitXMLReporter -->
<testsuite ignored="0" hostname="DESKTOP-SITGL47" failures="0" tests="2" name="ErrorValidation" time="81.682" errors="0" timestamp="2025-01-28T06:28:37 IST">
  <testcase classname="PankajShukla.Tests.ErrorValidation" name="ProductCatalogueErrorValidation" time="23.203"/>
  <testcase classname="PankajShukla.Tests.ErrorValidation" name="loginPageErrorValidation" time="0.0">
    <skipped/>
  </testcase> <!-- loginPageErrorValidation -->
</testsuite> <!-- ErrorValidation -->
